<ehcache xmlns:xsi="http://www.w3.org/2001/XMLSchema-instance"
	xsi:noNamespaceSchemaLocation="ehcache.xsd" name="cacheGroup" updateCheck="false">
	<diskStore path="java.io.tmpdir" />
	<terracottaConfig url="test183:9510" />
	<defaultCache timeToIdleSeconds="3600" timeToLiveSeconds="3600"
		maxEntriesLocalHeap="50000" eternal="false" overflowToDisk="false" >
		<terracotta concurrency="4" />
	</defaultCache>
	<cache name="halfDay" timeToLiveSeconds="43200" maxElementsOnDisk="300000"
		maxEntriesLocalHeap="300000" eternal="false" overflowToDisk="false">
		<terracotta concurrency="4" />
	</cache>
	<cache name="cinemaTicket" timeToLiveSeconds="43200" maxElementsOnDisk="300000"
		maxEntriesLocalHeap="300000" eternal="false" overflowToDisk="false">
		<terracotta concurrency="4" />
	</cache>
	<cache name="sportTicket" timeToLiveSeconds="43200" maxElementsOnDisk="300000"
		maxEntriesLocalHeap="300000" eternal="false" overflowToDisk="false">
		<terracotta concurrency="4" />
	</cache>
	<cache name="eternal" maxEntriesLocalHeap="50000" maxElementsOnDisk="300000" eternal="true" overflowToDisk="false">
		<terracotta concurrency="4" />
	</cache>
</ehcache>